make all --print-data-base --no-builtin-variables --no-builtin-rules --question
make: *** No rule to make target 'all'.  Stop.

# GNU Make 4.3
# Built for x86_64-pc-linux-gnu
# Copyright (C) 1988-2020 Free Software Foundation, Inc.
# License GPLv3+: GNU GPL version 3 or later <http://gnu.org/licenses/gpl.html>
# This is free software: you are free to change and redistribute it.
# There is NO WARRANTY, to the extent permitted by law.

# Make data base, printed on Tue Jul 12 21:12:08 2022

# Variables

# environment
GDK_BACKEND = x11
# environment
LC_ALL = C
# environment
NO_AT_BRIDGE = 1
# environment
GTK_RC_FILES = /etc/gtk/gtkrc:/home/flaviovdf/.gtkrc:/home/flaviovdf/.config/gtkrc
# environment
THEME_SHOW_PYTHON = false
# environment
LC_NAME = pt_BR.UTF-8
# environment
LC_NUMERIC = pt_BR.UTF-8
# environment
VSCODE_CWD = /home/flaviovdf
# environment
LC_ADDRESS = pt_BR.UTF-8
# default
MAKE_COMMAND := make
# environment
GTK3_MODULES = xapp-gtk3-module
# environment
GOPATH = /home/flaviovdf/go
# automatic
@D = $(patsubst %/,%,$(dir $@))
# environment
VSCODE_HANDLES_UNCAUGHT_ERRORS = true
# default
.VARIABLES := 
# environment
PWD = /home/flaviovdf/workspace/pds2-ufmg/aula15-refatoramento/04-quase-la
# automatic
%D = $(patsubst %/,%,$(dir $%))
# environment
VIRTUALENVWRAPPER_PROJECT_FILENAME = .project
# environment
MAIL = /var/spool/mail/flaviovdf
# environment
XDG_DATA_DIRS = /home/flaviovdf/.local/share/flatpak/exports/share:/var/lib/flatpak/exports/share:/usr/local/share:/usr/share:/var/lib/snapd/desktop
# environment
BASH_IT = /home/flaviovdf/.bash_it
# automatic
^D = $(patsubst %/,%,$(dir $^))
# automatic
%F = $(notdir $%)
# environment
VSCODE_CODE_CACHE_PATH = /home/flaviovdf/.config/Code - OSS/CachedData/92d25e35d9bf1a6b16f7d0758f25d48ace11e5b9
# environment
XDG_SESSION_PATH = /org/freedesktop/DisplayManager/Session0
# environment
LANG = C
# environment
XAUTHORITY = /home/flaviovdf/.Xauthority
# default
.LOADED := 
# default
.INCLUDE_DIRS = /usr/include /usr/local/include /usr/include
# makefile
MAKEFLAGS = pqrR
# makefile
CURDIR := /home/flaviovdf/workspace/pds2-ufmg/aula15-refatoramento/04-quase-la
# environment
APPLICATION_INSIGHTS_NO_DIAGNOSTIC_CHANNEL = true
# automatic
*D = $(patsubst %/,%,$(dir $*))
# environment
PAM_KWALLET5_LOGIN = /run/user/1000/kwallet5.socket
# environment
MFLAGS = -pqrR
# default
.SHELLFLAGS := -c
# environment
QT_LINUX_ACCESSIBILITY_ALWAYS_ON = 1
# environment
XDG_CONFIG_DIRS = /home/flaviovdf/.config/kdedefaults:/etc/xdg
# automatic
+D = $(patsubst %/,%,$(dir $+))
# environment
SCM_CHECK = true
# environment
XCURSOR_THEME = breeze_cursors
# environment
XDG_SESSION_DESKTOP = KDE
# makefile (from 'Makefile', line 1)
MAKEFILE_LIST := Makefile
# automatic
@F = $(notdir $@)
# environment
VSCODE_PID = 1959
# environment
XDG_SESSION_TYPE = x11
# automatic
?D = $(patsubst %/,%,$(dir $?))
# environment
SESSION_MANAGER = local/wall-e:@/tmp/.ICE-unix/974,unix/wall-e:/tmp/.ICE-unix/974
# automatic
*F = $(notdir $*)
# environment
CHROME_DESKTOP = code-oss.desktop
# environment
DBUS_SESSION_BUS_ADDRESS = unix:path=/run/user/1000/bus
# automatic
<D = $(patsubst %/,%,$(dir $<))
# environment
VSCODE_NLS_CONFIG = {"locale":"en-us","availableLanguages":{},"_languagePackSupport":true}
# environment
VIRTUALENVWRAPPER_HOOK_DIR = /home/flaviovdf/virtualenvs/
# environment
CLICOLOR = 
# default
MAKE_HOST := x86_64-pc-linux-gnu
# makefile
SHELL = /bin/sh
# default
MAKECMDGOALS := all
# environment
SHLVL = 0
# environment
MAKELEVEL := 0
# default
MAKE = $(MAKE_COMMAND)
# environment
PATH = /home/flaviovdf/go/bin:/home/flaviovdf/bin:/usr/local/bin:/home/flaviovdf/.local/bin:/usr/local/sbin:/usr/local/bin:/usr/bin:/usr/bin/site_perl:/usr/bin/vendor_perl:/usr/bin/core_perl:/var/lib/snapd/snap/bin
# default
MAKEFILES := 
# environment
LANGUAGE = en_US.UTF-8
# environment
LC_MONETARY = pt_BR.UTF-8
# environment
MOTD_SHOWN = pam
# automatic
^F = $(notdir $^)
# environment
LC_TIME = pt_BR.UTF-8
# environment
BASH_IT_THEME = bobby-python
# environment
VIRTUALENVWRAPPER_SCRIPT = /home/flaviovdf/.local/bin/virtualenvwrapper.sh
# environment
LC_TELEPHONE = pt_BR.UTF-8
# automatic
?F = $(notdir $?)
# environment
KDE_APPLICATIONS_AS_SCOPE = 1
# environment
WORKON_HOME = /home/flaviovdf/virtualenvs/
# makefile (from 'Makefile', line 10)
INC := -I include/ -I third_party/
# environment
XDG_SEAT = seat0
# environment
XDG_CURRENT_DESKTOP = KDE
# automatic
+F = $(notdir $+)
# environment
XDG_SEAT_PATH = /org/freedesktop/DisplayManager/Seat0
# environment
DESKTOP_SESSION = plasma
# environment
ORIGINAL_XDG_CURRENT_DESKTOP = KDE
# makefile (from 'Makefile', line 8)
OBJECTS := build/goplay.o build/usuario.o build/midia.o build/item.o build/main.o
# 'override' directive
GNUMAKEFLAGS := 
# environment
QT_SCREEN_SCALE_FACTORS = DSI-1=1.25;HDMI-1=1.25;DP-1=1.25;
# environment
LOGNAME = flaviovdf
# environment
XDG_VTNR = 1
# makefile (from 'Makefile', line 6)
SRCEXT := cpp
# makefile
.DEFAULT_GOAL := main
# environment
SYSTEMD_EXEC_PID = 824
# environment
EDITOR = nvim
# environment
DISPLAY = :0
# environment
GTK_MODULES = canberra-gtk-module
# environment
USER = flaviovdf
# default
MAKE_VERSION := 4.3
# environment
KDE_SESSION_UID = 1000
# environment
_printf_cmd = printf
# 'override' directive
.SHELLSTATUS := 0
# environment
LC_MEASUREMENT = pt_BR.UTF-8
# environment
DEBUGINFOD_URLS = https://debuginfod.archlinux.org 
# environment
_ = /usr/bin/make
# environment
LC_PAPER = pt_BR.UTF-8
# environment
XDG_RUNTIME_DIR = /run/user/1000
# makefile (from 'Makefile', line 9)
CFLAGS := -g -Wall -O3 -std=c++14
# environment
XDG_SESSION_CLASS = user
# environment
VSCODE_AMD_ENTRYPOINT = vs/workbench/api/node/extensionHostProcess
# environment
GTK2_RC_FILES = /etc/gtk-2.0/gtkrc:/home/flaviovdf/.gtkrc-2.0:/home/flaviovdf/.config/gtkrc-2.0
# environment
HOME = /home/flaviovdf
# environment
ELECTRON_RUN_AS_NODE = 1
# environment
THEME_SHOW_CLOCK = false
# environment
VSCODE_IPC_HOOK = /run/user/1000/vscode-0df8b567-1.69.0-main.sock
# makefile (from 'Makefile', line 2)
SRCDIR := src
# environment
XDG_SESSION_ID = 1
# environment
XCURSOR_SIZE = 36
# default
.RECIPEPREFIX := 
# automatic
<F = $(notdir $<)
# environment
VIRTUALENVWRAPPER_WORKON_CD = 1
# default
SUFFIXES := 
# makefile (from 'Makefile', line 4)
TARGET := main
# environment
QT_AUTO_SCREEN_SCALE_FACTOR = 0
# environment
VSCODE_CLI = 1
# environment
ELECTRON_NO_ATTACH_CONSOLE = 1
# environment
KDE_SESSION_VERSION = 5
# default
.FEATURES := target-specific order-only second-expansion else-if shortest-stem undefine oneshell nocomment grouped-target extra-prereqs archives jobserver output-sync check-symlink guile load
# makefile (from 'Makefile', line 1)
CC := g++
# makefile (from 'Makefile', line 3)
BUILDDIR := build
# makefile (from 'Makefile', line 7)
SOURCES := src/goplay.cpp src/usuario.cpp src/midia.cpp src/item.cpp src/main.cpp
# environment
KDE_FULL_SESSION = true
# environment
LC_IDENTIFICATION = pt_BR.UTF-8
# variable set hash-table stats:
# Load=128/1024=12%, Rehash=0, Collisions=12/172=7%

# Pattern-specific Variable Values

# No pattern-specific variable values.

# Directories

# src (device 45826, inode 2759763): No files, no impossibilities so far.
# . (device 45826, inode 2759755): 7 files, no impossibilities.

# 7 files, no impossibilities in 2 directories.

# Implicit Rules

build/%.o: src/%.cpp
#  recipe to execute (from 'Makefile', line 16):
	@mkdir -p $(@D)
	$(CC) $(CFLAGS) $(INC) -c -o $@ $<

# 1 implicit rules, 0 (0.0%) terminal.
# Files

# Not a target:
Makefile:
 
#  Implicit rule search has been done.
#  Last modified 2022-07-07 19:07:29.087786414
#  File has been updated.
#  Successfully updated.

clean:
#  Phony target (prerequisite of .PHONY).
#  Implicit rule search has not been done.
#  File does not exist.
#  File has not been updated.
#  recipe to execute (from 'Makefile', line 20):
	$(RM) -r $(BUILDDIR)/* $(TARGET)

# Not a target:
build/midia.o:
#  Implicit rule search has not been done.
#  Modification time never checked.
#  File has not been updated.

# Not a target:
build/goplay.o:
#  Implicit rule search has not been done.
#  Modification time never checked.
#  File has not been updated.

# Not a target:
.DEFAULT:
#  Implicit rule search has not been done.
#  Modification time never checked.
#  File has not been updated.

# Not a target:
all:
#  Command line target.
#  Implicit rule search has been done.
#  File does not exist.
#  File has not been updated.

main: build/goplay.o build/usuario.o build/midia.o build/item.o build/main.o
#  Implicit rule search has not been done.
#  Modification time never checked.
#  File has not been updated.
#  recipe to execute (from 'Makefile', line 13):
	$(CC) $^ -o $(TARGET)

# Not a target:
build/usuario.o:
#  Implicit rule search has not been done.
#  Modification time never checked.
#  File has not been updated.

# Not a target:
build/main.o:
#  Implicit rule search has not been done.
#  Modification time never checked.
#  File has not been updated.

.PHONY: clean
#  Implicit rule search has not been done.
#  Modification time never checked.
#  File has not been updated.

# Not a target:
build/item.o:
#  Implicit rule search has not been done.
#  Modification time never checked.
#  File has not been updated.

# files hash-table stats:
# Load=12/1024=1%, Rehash=0, Collisions=0/28=0%
# VPATH Search Paths

# No 'vpath' search paths.

# No general ('VPATH' variable) search path.

# strcache buffers: 1 (0) / strings = 22 / storage = 214 B / avg = 9 B
# current buf: size = 8162 B / used = 214 B / count = 22 / avg = 9 B

# strcache performance: lookups = 31 / hit rate = 29%
# hash-table stats:
# Load=22/8192=0%, Rehash=0, Collisions=0/31=0%
# Finished Make data base on Tue Jul 12 21:12:08 2022

 
